Removed Pin From Net: NetName=NetC5_1 Pin=C8-2
Removed Member From Class: ClassName=AB_Amplifier Member=C8
Change Component Footprint: Designator=D1 Old Footprint=1N4148 New Footprint=1N4148
Change Component Footprint: Designator=D2 Old Footprint=1N4148 New Footprint=1N4148
Change Component Footprint: Designator=Q2 Old Footprint=BC547 New Footprint=BC547
Change Component Footprint: Designator=Q8 Old Footprint=BC547 New Footprint=BC547
Change Component Footprint: Designator=Q1 Old Footprint=BC557 New Footprint=BC557
Added Component: Designator= C8(2200cap)
Add Component: Footprint Not Found BC557TA
Add Component: Footprint Not Found BC557TA
Add Pin To Net: Unknown Pin: Pin Q4-1
Add Pin To Net: Unknown Pin: Pin Q4-3
Add Pin To Net: Unknown Pin: Pin Q5-1
Add Pin To Net: Unknown Pin: Pin Q5-2
Add Pin To Net: Unknown Pin: Pin Q5-3
Added Pin To Net: NetName=Net C8_1 Pin= C8-1
Added Pin To Net: NetName=Net C8_1 Pin=FB2-1
Added Pin To Net: NetName=Net C8_1 Pin=R19-1
Added Net: Name=Net C8_1
Added Member To Class: ClassName=AB_Amplifier Member=Component  C8 2200uF +
Add Class Member: Failed to add class member : Component Q4 BC547BG
Add Class Member: Failed to add class member : Component Q5 BC557CG
